<?xml version="1.0" encoding="UTF-8"?>
<testng-results ignored="0" total="1" passed="1" failed="0" skipped="0">
  <reporter-output>
  </reporter-output>
  <suite started-at="2022-01-16T16:48:22 IST" name="Default suite" finished-at="2022-01-16T16:48:54 IST" duration-ms="31624">
    <groups>
    </groups>
    <test started-at="2022-01-16T16:48:22 IST" name="Default test" finished-at="2022-01-16T16:48:54 IST" duration-ms="31624">
      <class name="doc.Sample">
        <test-method signature="f()[pri:0, instance:doc.Sample@37858383]" started-at="2022-01-16T16:48:22 IST" name="f" finished-at="2022-01-16T16:48:54 IST" duration-ms="31558" status="PASS">
          <reporter-output>
          </reporter-output>
        </test-method> <!-- f -->
      </class> <!-- doc.Sample -->
    </test> <!-- Default test -->
  </suite> <!-- Default suite -->
</testng-results>
